Started GET "/" for ::1 at 2017-01-20 22:31:18 +0900
Processing by RagtimesController#index as HTML
  Rendering ragtimes/index.html.erb within layouts/application
  Rendered ragtimes/index.html.erb within layouts/application (1.9ms)
Started GET "/" for ::1 at 2017-01-20 22:31:18 +0900
Completed 200 OK in 507ms (Views: 493.7ms | ActiveRecord: 0.0ms)


Processing by RagtimesController#index as HTML
  Rendering ragtimes/index.html.erb within layouts/application
  Rendered ragtimes/index.html.erb within layouts/application (0.5ms)
Completed 200 OK in 23ms (Views: 21.7ms | ActiveRecord: 0.0ms)


Started GET "/" for ::1 at 2017-01-20 22:31:35 +0900
Processing by RagtimesController#index as HTML
  Rendering ragtimes/index.html.erb within layouts/application
  Rendered ragtimes/index.html.erb within layouts/application (0.7ms)
Completed 200 OK in 32ms (Views: 29.4ms | ActiveRecord: 0.0ms)


Started GET "/" for ::1 at 2017-01-20 22:31:53 +0900
Processing by RagtimesController#index as HTML
  Rendering ragtimes/index.html.erb within layouts/application
  Rendered ragtimes/index.html.erb within layouts/application (1.0ms)
Completed 200 OK in 32ms (Views: 30.2ms | ActiveRecord: 0.0ms)


Started GET "/" for ::1 at 2017-01-20 22:32:24 +0900
Processing by RagtimesController#index as HTML
  Rendering ragtimes/index.html.erb within layouts/application
  Rendered ragtimes/index.html.erb within layouts/application (0.6ms)
Completed 200 OK in 29ms (Views: 27.5ms | ActiveRecord: 0.0ms)


Started GET "/" for ::1 at 2017-01-20 22:34:39 +0900
Processing by RagtimesController#index as HTML
  Rendering ragtimes/index.html.erb within layouts/application
  Rendered ragtimes/index.html.erb within layouts/application (0.4ms)
Completed 200 OK in 16ms (Views: 14.6ms | ActiveRecord: 0.0ms)


Started GET "/" for ::1 at 2017-01-20 22:34:41 +0900
Processing by RagtimesController#index as HTML
  Rendering ragtimes/index.html.erb within layouts/application
  Rendered ragtimes/index.html.erb within layouts/application (0.4ms)
Completed 200 OK in 19ms (Views: 16.9ms | ActiveRecord: 0.0ms)


Started GET "/" for ::1 at 2017-01-20 22:34:45 +0900
Processing by RagtimesController#index as HTML
  Rendering ragtimes/index.html.erb within layouts/application
  Rendered ragtimes/index.html.erb within layouts/application (0.6ms)
Completed 200 OK in 19ms (Views: 16.8ms | ActiveRecord: 0.0ms)


